<?xml version="1.0" encoding="UTF-8"?>
<!-- Generated by org.testng.reporters.JUnitReportReporter -->
<testsuite hostname="DESKTOP-Q68S5II" failures="0" tests="2" name="scripts.TestScripts" time="5.368" errors="0" timestamp="2020-09-30T18:12:29 CDT" skipped="1">
  <testcase classname="scripts.TestScripts" name="testSortlistBox" time="5.368"/>
  <system-out>
Title is matchingOrangeHRM List Box is sorted  </system-out>
  <testcase classname="scripts.TestScripts" name="testcreateemployee">
    <skipped/>
  </testcase> <!-- testcreateemployee -->
  <system-out/>
</testsuite> <!-- scripts.TestScripts -->
