<?xml version="1.0" encoding="UTF-8"?>
<!-- Generated by org.testng.reporters.JUnitReportReporter -->
<testsuite hostname="DESKTOP-Q68S5II" failures="0" tests="1" name="scripts.TestScripts" time="4.420" errors="0" timestamp="30 Sep 2020 23:23:55 GMT">
  <testcase classname="scripts.TestScripts" name="testSortlistBox" time="4.420"/>
</testsuite> <!-- scripts.TestScripts -->
